# JRE version: Java(TM) SE Runtime Environment (7.0_80-b15) (build 1.7.0_80-b15)
# Java VM: Java HotSpot(TM) 64-Bit Server VM (24.80-b11 mixed mode linux-amd64 compressed oops)
Heap
 PSYoungGen      total 31744K, used 31560K [0x00000007d6f00000, 0x00000007d9280000, 0x0000000800000000)
  eden space 30720K, 99% used [0x00000007d6f00000,0x00000007d8ce21c8,0x00000007d8d00000)
  from space 1024K, 93% used [0x00000007d9180000,0x00000007d9270020,0x00000007d9280000)
  to   space 2048K, 0% used [0x00000007d8e80000,0x00000007d8e80000,0x00000007d9080000)
 ParOldGen       total 83968K, used 40K [0x0000000784e00000, 0x000000078a000000, 0x00000007d6f00000)
  object space 83968K, 0% used [0x0000000784e00000,0x0000000784e0a000,0x000000078a000000)
 PSPermGen       total 21504K, used 5532K [0x000000077fc00000, 0x0000000781100000, 0x0000000784e00000)
  object space 21504K, 25% used [0x000000077fc00000,0x00000007801670b8,0x0000000781100000)
GC Heap History (10 events):
Event: 48.944 GC heap before
{Heap before GC invocations=2 (full 0):
 PSYoungGen      total 36864K, used 33594K [0x00000007d6f00000, 0x00000007d9800000, 0x0000000800000000)
  eden space 31744K, 100% used [0x00000007d6f00000,0x00000007d8e00000,0x00000007d8e00000)
  from space 5120K, 36% used [0x00000007d8e00000,0x00000007d8fce9e0,0x00000007d9300000)
  to   space 5120K, 0% used [0x00000007d9300000,0x00000007d9300000,0x00000007d9800000)
 ParOldGen       total 83968K, used 8K [0x0000000784e00000, 0x000000078a000000, 0x00000007d6f00000)
  object space 83968K, 0% used [0x0000000784e00000,0x0000000784e02000,0x000000078a000000)
 PSPermGen       total 21504K, used 5474K [0x000000077fc00000, 0x0000000781100000, 0x0000000784e00000)
  object space 21504K, 25% used [0x000000077fc00000,0x0000000780158ad0,0x0000000781100000)
Event: 48.949 GC heap after
Heap after GC invocations=2 (full 0):
 PSYoungGen      total 36864K, used 992K [0x00000007d6f00000, 0x00000007d9800000, 0x0000000800000000)
  eden space 31744K, 0% used [0x00000007d6f00000,0x00000007d6f00000,0x00000007d8e00000)
  from space 5120K, 19% used [0x00000007d9300000,0x00000007d93f8020,0x00000007d9800000)
  to   space 5120K, 0% used [0x00000007d8e00000,0x00000007d8e00000,0x00000007d9300000)
 ParOldGen       total 83968K, used 16K [0x0000000784e00000, 0x000000078a000000, 0x00000007d6f00000)
  object space 83968K, 0% used [0x0000000784e00000,0x0000000784e04000,0x000000078a000000)
 PSPermGen       total 21504K, used 5474K [0x000000077fc00000, 0x0000000781100000, 0x0000000784e00000)
  object space 21504K, 25% used [0x000000077fc00000,0x0000000780158ad0,0x0000000781100000)
}
Event: 75.664 GC heap before
{Heap before GC invocations=3 (full 0):
 PSYoungGen      total 36864K, used 32736K [0x00000007d6f00000, 0x00000007d9800000, 0x0000000800000000)
  eden space 31744K, 100% used [0x00000007d6f00000,0x00000007d8e00000,0x00000007d8e00000)
  from space 5120K, 19% used [0x00000007d9300000,0x00000007d93f8020,0x00000007d9800000)
  to   space 5120K, 0% used [0x00000007d8e00000,0x00000007d8e00000,0x00000007d9300000)
 ParOldGen       total 83968K, used 16K [0x0000000784e00000, 0x000000078a000000, 0x00000007d6f00000)
  object space 83968K, 0% used [0x0000000784e00000,0x0000000784e04000,0x000000078a000000)
 PSPermGen       total 21504K, used 5495K [0x000000077fc00000, 0x0000000781100000, 0x0000000784e00000)
  object space 21504K, 25% used [0x000000077fc00000,0x000000078015df08,0x0000000781100000)
Event: 75.667 GC heap after
Heap after GC invocations=3 (full 0):
 PSYoungGen      total 36864K, used 944K [0x00000007d6f00000, 0x00000007d9800000, 0x0000000800000000)
  eden space 31744K, 0% used [0x00000007d6f00000,0x00000007d6f00000,0x00000007d8e00000)
  from space 5120K, 18% used [0x00000007d8e00000,0x00000007d8eec010,0x00000007d9300000)
  to   space 5120K, 0% used [0x00000007d9300000,0x00000007d9300000,0x00000007d9800000)
 ParOldGen       total 83968K, used 24K [0x0000000784e00000, 0x000000078a000000, 0x00000007d6f00000)
  object space 83968K, 0% used [0x0000000784e00000,0x0000000784e06000,0x000000078a000000)
 PSPermGen       total 21504K, used 5495K [0x000000077fc00000, 0x0000000781100000, 0x0000000784e00000)
  object space 21504K, 25% used [0x000000077fc00000,0x000000078015df08,0x0000000781100000)
}
Event: 102.326 GC heap before
{Heap before GC invocations=4 (full 0):
 PSYoungGen      total 36864K, used 32688K [0x00000007d6f00000, 0x00000007d9800000, 0x0000000800000000)
  eden space 31744K, 100% used [0x00000007d6f00000,0x00000007d8e00000,0x00000007d8e00000)
  from space 5120K, 18% used [0x00000007d8e00000,0x00000007d8eec010,0x00000007d9300000)
  to   space 5120K, 0% used [0x00000007d9300000,0x00000007d9300000,0x00000007d9800000)
 ParOldGen       total 83968K, used 24K [0x0000000784e00000, 0x000000078a000000, 0x00000007d6f00000)
  object space 83968K, 0% used [0x0000000784e00000,0x0000000784e06000,0x000000078a000000)
 PSPermGen       total 21504K, used 5511K [0x000000077fc00000, 0x0000000781100000, 0x0000000784e00000)
  object space 21504K, 25% used [0x000000077fc00000,0x0000000780161d18,0x0000000781100000)
Event: 102.329 GC heap after
Heap after GC invocations=4 (full 0):
 PSYoungGen      total 36864K, used 960K [0x00000007d6f00000, 0x00000007d9800000, 0x0000000800000000)
  eden space 31744K, 0% used [0x00000007d6f00000,0x00000007d6f00000,0x00000007d8e00000)
  from space 5120K, 18% used [0x00000007d9300000,0x00000007d93f0000,0x00000007d9800000)
  to   space 5120K, 0% used [0x00000007d8e00000,0x00000007d8e00000,0x00000007d9300000)
 ParOldGen       total 83968K, used 32K [0x0000000784e00000, 0x000000078a000000, 0x00000007d6f00000)
  object space 83968K, 0% used [0x0000000784e00000,0x0000000784e08000,0x000000078a000000)
 PSPermGen       total 21504K, used 5511K [0x000000077fc00000, 0x0000000781100000, 0x0000000784e00000)
  object space 21504K, 25% used [0x000000077fc00000,0x0000000780161d18,0x0000000781100000)
}
Event: 129.291 GC heap before
{Heap before GC invocations=5 (full 0):
 PSYoungGen      total 36864K, used 32704K [0x00000007d6f00000, 0x00000007d9800000, 0x0000000800000000)
  eden space 31744K, 100% used [0x00000007d6f00000,0x00000007d8e00000,0x00000007d8e00000)
  from space 5120K, 18% used [0x00000007d9300000,0x00000007d93f0000,0x00000007d9800000)
  to   space 5120K, 0% used [0x00000007d8e00000,0x00000007d8e00000,0x00000007d9300000)
 ParOldGen       total 83968K, used 32K [0x0000000784e00000, 0x000000078a000000, 0x00000007d6f00000)
  object space 83968K, 0% used [0x0000000784e00000,0x0000000784e08000,0x000000078a000000)
 PSPermGen       total 21504K, used 5518K [0x000000077fc00000, 0x0000000781100000, 0x0000000784e00000)
  object space 21504K, 25% used [0x000000077fc00000,0x0000000780163820,0x0000000781100000)
Event: 129.297 GC heap after
Heap after GC invocations=5 (full 0):
 PSYoungGen      total 32256K, used 944K [0x00000007d6f00000, 0x00000007d9380000, 0x0000000800000000)
  eden space 31232K, 0% used [0x00000007d6f00000,0x00000007d6f00000,0x00000007d8d80000)
  from space 1024K, 92% used [0x00000007d8e00000,0x00000007d8eec010,0x00000007d8f00000)
  to   space 2048K, 0% used [0x00000007d9180000,0x00000007d9180000,0x00000007d9380000)
 ParOldGen       total 83968K, used 32K [0x0000000784e00000, 0x000000078a000000, 0x00000007d6f00000)
  object space 83968K, 0% used [0x0000000784e00000,0x0000000784e08000,0x000000078a000000)
 PSPermGen       total 21504K, used 5518K [0x000000077fc00000, 0x0000000781100000, 0x0000000784e00000)
  object space 21504K, 25% used [0x000000077fc00000,0x0000000780163820,0x0000000781100000)
}
Event: 157.624 GC heap before
{Heap before GC invocations=6 (full 0):
 PSYoungGen      total 32256K, used 32176K [0x00000007d6f00000, 0x00000007d9380000, 0x0000000800000000)
  eden space 31232K, 100% used [0x00000007d6f00000,0x00000007d8d80000,0x00000007d8d80000)
  from space 1024K, 92% used [0x00000007d8e00000,0x00000007d8eec010,0x00000007d8f00000)
  to   space 2048K, 0% used [0x00000007d9180000,0x00000007d9180000,0x00000007d9380000)
 ParOldGen       total 83968K, used 32K [0x0000000784e00000, 0x000000078a000000, 0x00000007d6f00000)
  object space 83968K, 0% used [0x0000000784e00000,0x0000000784e08000,0x000000078a000000)
 PSPermGen       total 21504K, used 5529K [0x000000077fc00000, 0x0000000781100000, 0x0000000784e00000)
  object space 21504K, 25% used [0x000000077fc00000,0x0000000780166740,0x0000000781100000)
Event: 157.634 GC heap after
Heap after GC invocations=6 (full 0):
 PSYoungGen      total 31744K, used 960K [0x00000007d6f00000, 0x00000007d9280000, 0x0000000800000000)
  eden space 30720K, 0% used [0x00000007d6f00000,0x00000007d6f00000,0x00000007d8d00000)
  from space 1024K, 93% used [0x00000007d9180000,0x00000007d9270020,0x00000007d9280000)
  to   space 2048K, 0% used [0x00000007d8e80000,0x00000007d8e80000,0x00000007d9080000)
 ParOldGen       total 83968K, used 40K [0x0000000784e00000, 0x000000078a000000, 0x00000007d6f00000)
  object space 83968K, 0% used [0x0000000784e00000,0x0000000784e0a000,0x000000078a000000)
 PSPermGen       total 21504K, used 5529K [0x000000077fc00000, 0x0000000781100000, 0x0000000784e00000)
  object space 21504K, 25% used [0x000000077fc00000,0x0000000780166740,0x0000000781100000)
}

