# JRE version: Java(TM) SE Runtime Environment (7.0_80-b15) (build 1.7.0_80-b15)
# Java VM: Java HotSpot(TM) 64-Bit Server VM (24.80-b11 mixed mode linux-amd64 compressed oops)
Heap
 PSYoungGen      total 30720K, used 9014K [0x00000007d6f00000, 0x00000007d9200000, 0x0000000800000000)
  eden space 30208K, 28% used [0x00000007d6f00000,0x00000007d77759d8,0x00000007d8c80000)
  from space 512K, 68% used [0x00000007d8f00000,0x00000007d8f58000,0x00000007d8f80000)
  to   space 2048K, 0% used [0x00000007d9000000,0x00000007d9000000,0x00000007d9200000)
 ParOldGen       total 83968K, used 859K [0x0000000784e00000, 0x000000078a000000, 0x00000007d6f00000)
  object space 83968K, 1% used [0x0000000784e00000,0x0000000784ed6f20,0x000000078a000000)
 PSPermGen       total 21504K, used 5592K [0x000000077fc00000, 0x0000000781100000, 0x0000000784e00000)
  object space 21504K, 26% used [0x000000077fc00000,0x00000007801761d8,0x0000000781100000)
GC Heap History (10 events):
Event: 20.103 GC heap before
{Heap before GC invocations=3 (full 0):
 PSYoungGen      total 36864K, used 32931K [0x00000007d6f00000, 0x00000007d9800000, 0x0000000800000000)
  eden space 31744K, 100% used [0x00000007d6f00000,0x00000007d8e00000,0x00000007d8e00000)
  from space 5120K, 23% used [0x00000007d9300000,0x00000007d9428f90,0x00000007d9800000)
  to   space 5120K, 0% used [0x00000007d8e00000,0x00000007d8e00000,0x00000007d9300000)
 ParOldGen       total 83968K, used 8K [0x0000000784e00000, 0x000000078a000000, 0x00000007d6f00000)
  object space 83968K, 0% used [0x0000000784e00000,0x0000000784e02000,0x000000078a000000)
 PSPermGen       total 21504K, used 5545K [0x000000077fc00000, 0x0000000781100000, 0x0000000784e00000)
  object space 21504K, 25% used [0x000000077fc00000,0x000000078016a768,0x0000000781100000)
Event: 20.106 GC heap after
Heap after GC invocations=3 (full 0):
 PSYoungGen      total 36864K, used 1200K [0x00000007d6f00000, 0x00000007d9800000, 0x0000000800000000)
  eden space 31744K, 0% used [0x00000007d6f00000,0x00000007d6f00000,0x00000007d8e00000)
  from space 5120K, 23% used [0x00000007d8e00000,0x00000007d8f2c010,0x00000007d9300000)
  to   space 5120K, 0% used [0x00000007d9300000,0x00000007d9300000,0x00000007d9800000)
 ParOldGen       total 83968K, used 16K [0x0000000784e00000, 0x000000078a000000, 0x00000007d6f00000)
  object space 83968K, 0% used [0x0000000784e00000,0x0000000784e04000,0x000000078a000000)
 PSPermGen       total 21504K, used 5545K [0x000000077fc00000, 0x0000000781100000, 0x0000000784e00000)
  object space 21504K, 25% used [0x000000077fc00000,0x000000078016a768,0x0000000781100000)
}
Event: 32.030 GC heap before
{Heap before GC invocations=4 (full 0):
 PSYoungGen      total 36864K, used 32944K [0x00000007d6f00000, 0x00000007d9800000, 0x0000000800000000)
  eden space 31744K, 100% used [0x00000007d6f00000,0x00000007d8e00000,0x00000007d8e00000)
  from space 5120K, 23% used [0x00000007d8e00000,0x00000007d8f2c010,0x00000007d9300000)
  to   space 5120K, 0% used [0x00000007d9300000,0x00000007d9300000,0x00000007d9800000)
 ParOldGen       total 83968K, used 16K [0x0000000784e00000, 0x000000078a000000, 0x00000007d6f00000)
  object space 83968K, 0% used [0x0000000784e00000,0x0000000784e04000,0x000000078a000000)
 PSPermGen       total 21504K, used 5561K [0x000000077fc00000, 0x0000000781100000, 0x0000000784e00000)
  object space 21504K, 25% used [0x000000077fc00000,0x000000078016e690,0x0000000781100000)
Event: 32.037 GC heap after
Heap after GC invocations=4 (full 0):
 PSYoungGen      total 36864K, used 1136K [0x00000007d6f00000, 0x00000007d9800000, 0x0000000800000000)
  eden space 31744K, 0% used [0x00000007d6f00000,0x00000007d6f00000,0x00000007d8e00000)
  from space 5120K, 22% used [0x00000007d9300000,0x00000007d941c010,0x00000007d9800000)
  to   space 5120K, 0% used [0x00000007d8e00000,0x00000007d8e00000,0x00000007d9300000)
 ParOldGen       total 83968K, used 16K [0x0000000784e00000, 0x000000078a000000, 0x00000007d6f00000)
  object space 83968K, 0% used [0x0000000784e00000,0x0000000784e04000,0x000000078a000000)
 PSPermGen       total 21504K, used 5561K [0x000000077fc00000, 0x0000000781100000, 0x0000000784e00000)
  object space 21504K, 25% used [0x000000077fc00000,0x000000078016e690,0x0000000781100000)
}
Event: 43.924 GC heap before
{Heap before GC invocations=5 (full 0):
 PSYoungGen      total 36864K, used 32880K [0x00000007d6f00000, 0x00000007d9800000, 0x0000000800000000)
  eden space 31744K, 100% used [0x00000007d6f00000,0x00000007d8e00000,0x00000007d8e00000)
  from space 5120K, 22% used [0x00000007d9300000,0x00000007d941c010,0x00000007d9800000)
  to   space 5120K, 0% used [0x00000007d8e00000,0x00000007d8e00000,0x00000007d9300000)
 ParOldGen       total 83968K, used 16K [0x0000000784e00000, 0x000000078a000000, 0x00000007d6f00000)
  object space 83968K, 0% used [0x0000000784e00000,0x0000000784e04000,0x000000078a000000)
 PSPermGen       total 21504K, used 5575K [0x000000077fc00000, 0x0000000781100000, 0x0000000784e00000)
  object space 21504K, 25% used [0x000000077fc00000,0x0000000780171ea8,0x0000000781100000)
Event: 43.929 GC heap after
Heap after GC invocations=5 (full 0):
 PSYoungGen      total 32768K, used 1136K [0x00000007d6f00000, 0x00000007d9380000, 0x0000000800000000)
  eden space 31232K, 0% used [0x00000007d6f00000,0x00000007d6f00000,0x00000007d8d80000)
  from space 1536K, 73% used [0x00000007d8e00000,0x00000007d8f1c010,0x00000007d8f80000)
  to   space 2048K, 0% used [0x00000007d9180000,0x00000007d9180000,0x00000007d9380000)
 ParOldGen       total 83968K, used 16K [0x0000000784e00000, 0x000000078a000000, 0x00000007d6f00000)
  object space 83968K, 0% used [0x0000000784e00000,0x0000000784e04000,0x000000078a000000)
 PSPermGen       total 21504K, used 5575K [0x000000077fc00000, 0x0000000781100000, 0x0000000784e00000)
  object space 21504K, 25% used [0x000000077fc00000,0x0000000780171ea8,0x0000000781100000)
}
Event: 55.929 GC heap before
{Heap before GC invocations=6 (full 0):
 PSYoungGen      total 32768K, used 32368K [0x00000007d6f00000, 0x00000007d9380000, 0x0000000800000000)
  eden space 31232K, 100% used [0x00000007d6f00000,0x00000007d8d80000,0x00000007d8d80000)
  from space 1536K, 73% used [0x00000007d8e00000,0x00000007d8f1c010,0x00000007d8f80000)
  to   space 2048K, 0% used [0x00000007d9180000,0x00000007d9180000,0x00000007d9380000)
 ParOldGen       total 83968K, used 16K [0x0000000784e00000, 0x000000078a000000, 0x00000007d6f00000)
  object space 83968K, 0% used [0x0000000784e00000,0x0000000784e04000,0x000000078a000000)
 PSPermGen       total 21504K, used 5580K [0x000000077fc00000, 0x0000000781100000, 0x0000000784e00000)
  object space 21504K, 25% used [0x000000077fc00000,0x0000000780173200,0x0000000781100000)
Event: 55.937 GC heap after
Heap after GC invocations=6 (full 0):
 PSYoungGen      total 32256K, used 1168K [0x00000007d6f00000, 0x00000007d9300000, 0x0000000800000000)
  eden space 30720K, 0% used [0x00000007d6f00000,0x00000007d6f00000,0x00000007d8d00000)
  from space 1536K, 76% used [0x00000007d9180000,0x00000007d92a4010,0x00000007d9300000)
  to   space 2048K, 0% used [0x00000007d8f00000,0x00000007d8f00000,0x00000007d9100000)
 ParOldGen       total 83968K, used 24K [0x0000000784e00000, 0x000000078a000000, 0x00000007d6f00000)
  object space 83968K, 0% used [0x0000000784e00000,0x0000000784e06000,0x000000078a000000)
 PSPermGen       total 21504K, used 5580K [0x000000077fc00000, 0x0000000781100000, 0x0000000784e00000)
  object space 21504K, 25% used [0x000000077fc00000,0x0000000780173200,0x0000000781100000)
}
Event: 67.917 GC heap before
{Heap before GC invocations=7 (full 0):
 PSYoungGen      total 32256K, used 31888K [0x00000007d6f00000, 0x00000007d9300000, 0x0000000800000000)
  eden space 30720K, 100% used [0x00000007d6f00000,0x00000007d8d00000,0x00000007d8d00000)
  from space 1536K, 76% used [0x00000007d9180000,0x00000007d92a4010,0x00000007d9300000)
  to   space 2048K, 0% used [0x00000007d8f00000,0x00000007d8f00000,0x00000007d9100000)
 ParOldGen       total 83968K, used 24K [0x0000000784e00000, 0x000000078a000000, 0x00000007d6f00000)
  object space 83968K, 0% used [0x0000000784e00000,0x0000000784e06000,0x000000078a000000)
 PSPermGen       total 21504K, used 5591K [0x000000077fc00000, 0x0000000781100000, 0x0000000784e00000)
  object space 21504K, 26% used [0x000000077fc00000,0x0000000780175f88,0x0000000781100000)
Event: 67.930 GC heap after
Heap after GC invocations=7 (full 0):
 PSYoungGen      total 30720K, used 352K [0x00000007d6f00000, 0x00000007d9200000, 0x0000000800000000)
  eden space 30208K, 0% used [0x00000007d6f00000,0x00000007d6f00000,0x00000007d8c80000)
  from space 512K, 68% used [0x00000007d8f00000,0x00000007d8f58000,0x00000007d8f80000)
  to   space 2048K, 0% used [0x00000007d9000000,0x00000007d9000000,0x00000007d9200000)
 ParOldGen       total 83968K, used 859K [0x0000000784e00000, 0x000000078a000000, 0x00000007d6f00000)
  object space 83968K, 1% used [0x0000000784e00000,0x0000000784ed6f20,0x000000078a000000)
 PSPermGen       total 21504K, used 5591K [0x000000077fc00000, 0x0000000781100000, 0x0000000784e00000)
  object space 21504K, 26% used [0x000000077fc00000,0x0000000780175f88,0x0000000781100000)
}

